TN:
SF:index.js
FN:3,(anonymous_0)
FN:15,(anonymous_1)
FN:25,(anonymous_2)
FN:34,(anonymous_3)
FN:43,(anonymous_4)
FN:59,(anonymous_5)
FN:75,(anonymous_6)
FN:84,(anonymous_7)
FN:95,setupPerson
FN:104,(anonymous_9)
FNF:10
FNH:7
FNDA:9,(anonymous_0)
FNDA:1000,(anonymous_1)
FNDA:0,(anonymous_2)
FNDA:0,(anonymous_3)
FNDA:0,(anonymous_4)
FNDA:9,(anonymous_5)
FNDA:9,(anonymous_6)
FNDA:9,(anonymous_7)
FNDA:1,setupPerson
FNDA:2,(anonymous_9)
DA:5,9
DA:6,9
DA:7,9
DA:8,9
DA:9,9
DA:10,9
DA:11,9
DA:12,9
DA:17,1000
DA:18,1000
DA:20,1000
DA:22,1000
DA:27,0
DA:28,0
DA:29,0
DA:30,0
DA:31,0
DA:36,0
DA:37,0
DA:39,0
DA:45,0
DA:47,0
DA:48,0
DA:50,0
DA:53,0
DA:55,0
DA:61,9
DA:62,9
DA:64,18
DA:65,18
DA:67,0
DA:77,9
DA:78,9
DA:86,9
DA:87,9
DA:88,9
DA:89,9
DA:97,1
DA:98,1
DA:99,1
DA:102,1
DA:104,2
DA:105,1
LF:43
LH:28
BRDA:37,0,0,0
BRDA:37,0,1,0
BRDA:48,1,0,0
BRDA:48,1,1,0
BRDA:53,2,0,0
BRDA:53,2,1,0
BRDA:65,3,0,0
BRDA:65,3,1,18
BRF:8
BRH:1
end_of_record
